[debug] [2022-09-02T17:54:05.510Z] ----------------------------------------------------------------------
[debug] [2022-09-02T17:54:05.621Z] Command:       F:\node.exe C:\Users\HP\AppData\Roaming\npm\node_modules\firebase-tools\lib\bin\firebase.js hosting:disable --project my-portfolio
[debug] [2022-09-02T17:54:05.623Z] CLI Version:   11.8.0
[debug] [2022-09-02T17:54:05.623Z] Platform:      win32
[debug] [2022-09-02T17:54:05.623Z] Node Version:  v14.18.1
[debug] [2022-09-02T17:54:05.716Z] Time:          Fri Sep 02 2022 23:54:05 GMT+0600 (Bangladesh Standard Time)
[debug] [2022-09-02T17:54:05.716Z] ----------------------------------------------------------------------
[debug] 
[debug] [2022-09-02T17:54:05.816Z] > command requires scopes: ["email","openid","https://www.googleapis.com/auth/cloudplatformprojects.readonly","https://www.googleapis.com/auth/firebase","https://www.googleapis.com/auth/cloud-platform"]
[debug] [2022-09-02T17:54:05.816Z] > authorizing via signed-in user (mdshakiil720516@gmail.com)
[debug] [2022-09-02T17:54:05.816Z] [iam] checking project my-portfolio for permissions ["firebase.projects.get","firebasehosting.sites.update"]
[debug] [2022-09-02T17:54:05.820Z] > refreshing access token with scopes: []
[debug] [2022-09-02T17:54:05.822Z] >>> [apiv2][query] POST https://www.googleapis.com/oauth2/v3/token [none]
[debug] [2022-09-02T17:54:05.822Z] >>> [apiv2][body] POST https://www.googleapis.com/oauth2/v3/token [omitted]
[debug] [2022-09-02T17:54:06.716Z] <<< [apiv2][status] POST https://www.googleapis.com/oauth2/v3/token 200
[debug] [2022-09-02T17:54:06.716Z] <<< [apiv2][body] POST https://www.googleapis.com/oauth2/v3/token [omitted]
[debug] [2022-09-02T17:54:06.827Z] >>> [apiv2][query] POST https://cloudresourcemanager.googleapis.com/v1/projects/my-portfolio:testIamPermissions [none]
[debug] [2022-09-02T17:54:06.827Z] >>> [apiv2][(partial)header] POST https://cloudresourcemanager.googleapis.com/v1/projects/my-portfolio:testIamPermissions x-goog-quota-user=projects/my-portfolio
[debug] [2022-09-02T17:54:06.828Z] >>> [apiv2][body] POST https://cloudresourcemanager.googleapis.com/v1/projects/my-portfolio:testIamPermissions {"permissions":["firebase.projects.get","firebasehosting.sites.update"]}
[debug] [2022-09-02T17:54:09.803Z] <<< [apiv2][status] POST https://cloudresourcemanager.googleapis.com/v1/projects/my-portfolio:testIamPermissions 200
[debug] [2022-09-02T17:54:09.803Z] <<< [apiv2][body] POST https://cloudresourcemanager.googleapis.com/v1/projects/my-portfolio:testIamPermissions {}
[debug] [2022-09-02T17:54:09.804Z] [iam] error while checking permissions, command may fail: FirebaseError: Authorization failed. This account is missing the following required permissions on project my-portfolio:

  firebase.projects.get
  firebasehosting.sites.update
[debug] [2022-09-02T17:54:09.806Z] >>> [apiv2][query] GET https://firebase.googleapis.com/v1beta1/projects/my-portfolio [none]
[debug] [2022-09-02T17:54:10.678Z] <<< [apiv2][status] GET https://firebase.googleapis.com/v1beta1/projects/my-portfolio 403
[debug] [2022-09-02T17:54:10.678Z] <<< [apiv2][body] GET https://firebase.googleapis.com/v1beta1/projects/my-portfolio {"error":{"code":403,"message":"The caller does not have permission","status":"PERMISSION_DENIED"}}
[debug] [2022-09-02T17:54:10.680Z] HTTP Error: 403, The caller does not have permission
[debug] [2022-09-02T17:54:11.222Z] FirebaseError: HTTP Error: 403, The caller does not have permission
    at responseToError (C:\Users\HP\AppData\Roaming\npm\node_modules\firebase-tools\lib\responseToError.js:49:12)
    at RetryOperation._fn (C:\Users\HP\AppData\Roaming\npm\node_modules\firebase-tools\lib\apiv2.js:288:77)
    at processTicksAndRejections (internal/process/task_queues.js:95:5)
[error] 
[error] Error: Failed to get Firebase project my-portfolio. Please make sure the project exists and your account has permission to access it.
